<?xml version="1.0" encoding="UTF-8"?>
<!-- Generated by org.testng.reporters.JUnitReportReporter -->
<testsuite hostname="DESKTOP-0OTH8QT" failures="0" tests="1" name="assignmentDemo.Script" time="1.447" errors="0" timestamp="2024-11-05T10:22:21 IST" skipped="0">
  <testcase classname="assignmentDemo.Script" name="book" time="1.447"/>
  <system-out>
    <![CDATA[Book page is display]]>
  </system-out>
</testsuite> <!-- assignmentDemo.Script -->
