<?xml version="1.0" encoding="UTF-8"?>
<!-- Generated by org.testng.reporters.JUnitReportReporter -->
<testsuite hostname="DESKTOP-0OTH8QT" failures="0" tests="1" name="testng.DemoApp" time="4.990" errors="0" timestamp="2024-10-19T20:26:01 IST" skipped="0">
  <testcase classname="testng.DemoApp" name="createaccount" time="4.990"/>
  <system-out>
    <![CDATA[Create Account sucessfully]]>
  </system-out>
</testsuite> <!-- testng.DemoApp -->
