<?xml version="1.0" encoding="UTF-8"?>
<!-- Generated by org.testng.reporters.JUnitReportReporter -->
<testsuite hostname="DESKTOP-0OTH8QT" failures="0" tests="1" name="demoapp.TestScript" time="6.448" errors="0" timestamp="2024-10-23T10:35:27 IST" skipped="0">
  <testcase classname="demoapp.TestScript" name="verifyHistory" time="6.448"/>
  <system-out>
    <![CDATA[History page is not display]]>
  </system-out>
</testsuite> <!-- demoapp.TestScript -->
