<?xml version="1.0" encoding="UTF-8"?>
<!-- Generated by org.testng.reporters.JUnitReportReporter -->
<testsuite hostname="DESKTOP-0OTH8QT" failures="0" tests="1" name="assertion.AssertionCondition" time="8.202" errors="0" timestamp="2024-10-23T13:17:47 IST" skipped="0">
  <testcase classname="assertion.AssertionCondition" name="login" time="8.202"/>
  <system-out>
    <![CDATA[welcome page is display
login page is display
home page is display]]>
  </system-out>
</testsuite> <!-- assertion.AssertionCondition -->
