<?xml version="1.0" encoding="UTF-8"?>
<!-- Generated by org.testng.reporters.JUnitReportReporter -->
<testsuite hostname="DESKTOP-0OTH8QT" failures="0" tests="1" name="car.Audi" time="9.950" errors="0" timestamp="2024-10-18T13:52:36 IST" skipped="0">
  <testcase classname="car.Audi" name="launch" time="9.950"/>
  <system-out>
    <![CDATA[audi launch sucessfully]]>
  </system-out>
</testsuite> <!-- car.Audi -->
