<?xml version="1.0" encoding="UTF-8"?>
<!-- Generated by org.testng.reporters.JUnitReportReporter -->
<testsuite hostname="DESKTOP-0OTH8QT" failures="0" tests="1" name="car.jaguar" time="17.565" errors="0" timestamp="2024-10-18T13:52:36 IST" skipped="0">
  <testcase classname="car.jaguar" name="launch" time="17.565"/>
  <system-out>
    <![CDATA[jaguar launch sucessfully]]>
  </system-out>
</testsuite> <!-- car.jaguar -->
