<?xml version="1.0" encoding="UTF-8"?>
<!-- Generated by org.testng.reporters.JUnitReportReporter -->
<testsuite hostname="DESKTOP-0OTH8QT" failures="0" tests="3" name="crossbrowsertesting.ToLearnCrossBrowser" time="25.254" errors="0" timestamp="2024-10-25T13:41:52 IST" skipped="0">
  <testcase classname="crossbrowsertesting.ToLearnCrossBrowser" name="launch" time="3.872"/>
  <system-out/>
  <testcase classname="crossbrowsertesting.ToLearnCrossBrowser" name="launch" time="11.121"/>
  <system-out/>
  <testcase classname="crossbrowsertesting.ToLearnCrossBrowser" name="launch" time="10.261"/>
  <system-out/>
</testsuite> <!-- crossbrowsertesting.ToLearnCrossBrowser -->
