<?xml version="1.0" encoding="UTF-8"?>
<!-- Generated by org.testng.reporters.JUnitReportReporter -->
<testsuite hostname="DESKTOP-0OTH8QT" failures="0" tests="3" name="testng.Sample" time="0.017" errors="0" timestamp="2024-10-17T13:00:40 IST" skipped="0">
  <testcase classname="testng.Sample" name="demo" time="0.001"/>
  <system-out>
    <![CDATA[demo testcase executed]]>
  </system-out>
  <testcase classname="testng.Sample" name="add" time="0.013"/>
  <system-out>
    <![CDATA[add testcase executed]]>
  </system-out>
  <testcase classname="testng.Sample" name="sample" time="0.003"/>
  <system-out>
    <![CDATA[sample test case wxecuted]]>
  </system-out>
</testsuite> <!-- testng.Sample -->
