<?xml version="1.0" encoding="UTF-8"?>
<!-- Generated by org.testng.reporters.JUnitReportReporter -->
<testsuite hostname="DESKTOP-0OTH8QT" failures="0" tests="1" name="AutomationExercise.ScriptExecution" time="7.655" errors="0" timestamp="2024-10-24T11:09:27 IST" skipped="0">
  <testcase classname="AutomationExercise.ScriptExecution" name="delete" time="7.655"/>
  <system-out>
    <![CDATA[Account is delete sucessfuly]]>
  </system-out>
</testsuite> <!-- AutomationExercise.ScriptExecution -->
