<?xml version="1.0" encoding="UTF-8"?>
<!-- Generated by org.testng.reporters.JUnitReportReporter -->
<testsuite hostname="DESKTOP-0OTH8QT" failures="0" tests="1" name="testng.ToLearnTestNg" time="0.019" errors="0" timestamp="2024-10-16T13:54:36 IST" skipped="0">
  <testcase classname="testng.ToLearnTestNg" name="demo" time="0.019"/>
  <system-out>
    <![CDATA[Welcome  to advance selenium]]>
  </system-out>
</testsuite> <!-- testng.ToLearnTestNg -->
