<?xml version="1.0" encoding="UTF-8"?>
<!-- Generated by org.testng.reporters.JUnitReportReporter -->
<testsuite hostname="DESKTOP-0OTH8QT" failures="0" tests="2" name="testng.AnnotationAttributes" time="4.993" errors="0" timestamp="2024-10-17T17:57:21 IST" skipped="1">
  <testcase classname="testng.AnnotationAttributes" name="register" time="4.993"/>
  <system-out>
    <![CDATA[register is suceesfull]]>
  </system-out>
  <testcase classname="testng.AnnotationAttributes" name="login">
    <skipped/>
  </testcase> <!-- login -->
  <system-out/>
</testsuite> <!-- testng.AnnotationAttributes -->
