<?xml version="1.0" encoding="UTF-8"?>
<!-- Generated by org.testng.reporters.JUnitReportReporter -->
<testsuite hostname="DESKTOP-0OTH8QT" failures="0" tests="2" name="testng.ConfigrqationAnnotation" time="0.014" errors="0" timestamp="2024-10-19T13:44:22 IST" skipped="0">
  <testcase classname="testng.ConfigrqationAnnotation" name="sample" time="0.003"/>
  <system-out>
    <![CDATA[@test sample]]>
  </system-out>
  <testcase classname="testng.ConfigrqationAnnotation" name="demo" time="0.011"/>
  <system-out>
    <![CDATA[@test demo test case executed]]>
  </system-out>
</testsuite> <!-- testng.ConfigrqationAnnotation -->
