<?xml version="1.0" encoding="UTF-8"?>
<!-- Generated by org.testng.reporters.JUnitReportReporter -->
<testsuite hostname="DESKTOP-0OTH8QT" failures="0" tests="3" name="testng.Script" time="20.787" errors="0" timestamp="2024-10-25T13:58:10 IST" skipped="0">
  <testcase classname="testng.Script" name="book" time="7.061"/>
  <system-out>
    <![CDATA[Book page is display]]>
  </system-out>
  <testcase classname="testng.Script" name="book" time="6.541"/>
  <system-out>
    <![CDATA[Book page is display]]>
  </system-out>
  <testcase classname="testng.Script" name="book" time="7.185"/>
  <system-out>
    <![CDATA[Book page is display]]>
  </system-out>
</testsuite> <!-- testng.Script -->
