<?xml version="1.0" encoding="UTF-8"?>
<!-- Generated by org.testng.reporters.JUnitReportReporter -->
<testsuite hostname="DESKTOP-0OTH8QT" failures="0" tests="3" name="crossbrowsertesting.TestScriptCrossBrowser" time="10.523" errors="0" timestamp="2024-10-26T10:07:00 IST" skipped="0">
  <testcase classname="crossbrowsertesting.TestScriptCrossBrowser" name="verifysaleslink" time="3.407"/>
  <system-out>
    <![CDATA[Sales page is visible]]>
  </system-out>
  <testcase classname="crossbrowsertesting.TestScriptCrossBrowser" name="verifysaleslink" time="2.175"/>
  <system-out>
    <![CDATA[Sales page is visible]]>
  </system-out>
  <testcase classname="crossbrowsertesting.TestScriptCrossBrowser" name="verifysaleslink" time="4.941"/>
  <system-out>
    <![CDATA[Sales page is visible]]>
  </system-out>
</testsuite> <!-- crossbrowsertesting.TestScriptCrossBrowser -->
