<?xml version="1.0" encoding="UTF-8"?>
<!-- Generated by org.testng.reporters.JUnitReportReporter -->
<testsuite hostname="DESKTOP-0OTH8QT" failures="0" tests="1" name="assertion.SoftAssertion" time="10.199" errors="0" timestamp="2024-10-23T14:09:26 IST" skipped="0">
  <testcase classname="assertion.SoftAssertion" name="login" time="10.199"/>
  <system-out>
    <![CDATA[welcome page is display
Login page is display
Home page is not display]]>
  </system-out>
</testsuite> <!-- assertion.SoftAssertion -->
