<?xml version="1.0" encoding="UTF-8"?>
<!-- Generated by org.testng.reporters.JUnitReportReporter -->
<testsuite hostname="DESKTOP-0OTH8QT" failures="0" tests="1" name="car.Bmw" time="16.651" errors="0" timestamp="2024-10-18T13:36:57 IST" skipped="0">
  <testcase classname="car.Bmw" name="launch" time="16.651"/>
  <system-out>
    <![CDATA[bmw launch sucessfully]]>
  </system-out>
</testsuite> <!-- car.Bmw -->
